<?xml version="1.0" encoding="UTF-8"?>
<!-- Generated by org.testng.reporters.JUnitReportReporter -->
<testsuite hostname="DESKTOP-5ONCF9P" failures="0" tests="1" name="com.qa.testscripts.Gmaildemo" time="0.227" errors="0" timestamp="2022-12-07T14:17:47 IST" skipped="0">
  <testcase classname="com.qa.testscripts.Gmaildemo" name="login" time="0.227"/>
  <system-out/>
</testsuite> <!-- com.qa.testscripts.Gmaildemo -->
